[3.314s] DEBUG:colcon:Command line arguments: ['/usr/bin/colcon', 'list', '-p', '--base-paths', '/home/bobxu/JCC-Compiler']
[3.314s] DEBUG:colcon:Parsed command line arguments: Namespace(log_base=None, log_level=None, verb_name='list', build_base='build', ignore_user_meta=False, metas=['./colcon.meta'], base_paths=['/home/bobxu/JCC-Compiler'], packages_ignore=None, packages_ignore_regex=None, paths=None, packages_up_to=None, packages_up_to_regex=None, packages_above=None, packages_above_and_dependencies=None, packages_above_depth=None, packages_select_by_dep=None, packages_skip_by_dep=None, packages_skip_up_to=None, packages_select_build_failed=False, packages_skip_build_finished=False, packages_select_test_failures=False, packages_skip_test_passed=False, packages_select=None, packages_skip=None, packages_select_regex=None, packages_skip_regex=None, packages_start=None, packages_end=None, allow_overriding=[], topological_order=False, names_only=False, paths_only=True, topological_graph=False, topological_graph_dot=False, topological_graph_density=False, topological_graph_legend=False, topological_graph_dot_cluster=False, topological_graph_dot_include_skipped=False, mixin_files=None, mixin=None, verb_parser=<colcon_mixin.mixin.mixin_argument.MixinArgumentDecorator object at 0x7fa06e69f5e0>, verb_extension=<colcon_package_information.verb.list.ListVerb object at 0x7fa06e69fdf0>, main=<bound method ListVerb.main of <colcon_package_information.verb.list.ListVerb object at 0x7fa06e69fdf0>>, mixin_verb=('list',))
[3.602s] Level 1:colcon.colcon_core.package_discovery:discover_packages(colcon_meta) check parameters
[3.602s] Level 1:colcon.colcon_core.package_discovery:discover_packages(recursive) check parameters
[3.602s] Level 1:colcon.colcon_core.package_discovery:discover_packages(ignore) check parameters
[3.602s] Level 1:colcon.colcon_core.package_discovery:discover_packages(path) check parameters
[3.602s] Level 1:colcon.colcon_core.package_discovery:discover_packages(recursive) discover
[3.602s] INFO:colcon.colcon_core.package_discovery:Crawling recursively for packages in '/home/bobxu/JCC-Compiler'
[3.602s] Level 1:colcon.colcon_core.package_identification:_identify(/home/bobxu/JCC-Compiler) by extensions ['ignore', 'ignore_ament_install']
[3.603s] Level 1:colcon.colcon_core.package_identification:_identify(/home/bobxu/JCC-Compiler) by extension 'ignore'
[3.603s] Level 1:colcon.colcon_core.package_identification:_identify(/home/bobxu/JCC-Compiler) by extension 'ignore_ament_install'
[3.604s] Level 1:colcon.colcon_core.package_identification:_identify(/home/bobxu/JCC-Compiler) by extensions ['colcon_pkg']
[3.604s] Level 1:colcon.colcon_core.package_identification:_identify(/home/bobxu/JCC-Compiler) by extension 'colcon_pkg'
[3.604s] Level 1:colcon.colcon_core.package_identification:_identify(/home/bobxu/JCC-Compiler) by extensions ['colcon_meta']
[3.604s] Level 1:colcon.colcon_core.package_identification:_identify(/home/bobxu/JCC-Compiler) by extension 'colcon_meta'
[3.604s] Level 1:colcon.colcon_core.package_identification:_identify(/home/bobxu/JCC-Compiler) by extensions ['ros']
[3.604s] Level 1:colcon.colcon_core.package_identification:_identify(/home/bobxu/JCC-Compiler) by extension 'ros'
[4.183s] Level 1:colcon.colcon_core.package_identification:_identify(/home/bobxu/JCC-Compiler) by extensions ['cmake', 'python']
[4.187s] Level 1:colcon.colcon_core.package_identification:_identify(/home/bobxu/JCC-Compiler) by extension 'cmake'
[4.248s] Level 1:colcon.colcon_core.package_identification:_identify(/home/bobxu/JCC-Compiler) by extension 'python'
[4.248s] DEBUG:colcon.colcon_core.package_identification:Package '/home/bobxu/JCC-Compiler' with type 'cmake' and name 'JCC-Compiler'
[4.249s] Level 1:colcon.colcon_core.package_discovery:discover_packages(recursive) using defaults
